12:39:51.309 [main] DEBUG io.netty.buffer.ByteBufUtil - -Dio.netty.maxThreadLocalCharBufferSize: 16384
12:39:51.751 [Forwarding newSession on session null to remote] DEBUG io.netty.channel.DefaultChannelId - -Dio.netty.processId: 18252 (auto-detected)
12:39:51.754 [Forwarding newSession on session null to remote] DEBUG io.netty.util.NetUtil - -Djava.net.preferIPv4Stack: false
12:39:51.754 [Forwarding newSession on session null to remote] DEBUG io.netty.util.NetUtil - -Djava.net.preferIPv6Addresses: false
12:39:51.760 [Forwarding newSession on session null to remote] DEBUG io.netty.util.NetUtilInitializations - Loopback interface: lo (Software Loopback Interface 1, 127.0.0.1)
12:39:51.764 [Forwarding newSession on session null to remote] DEBUG io.netty.util.NetUtil - Failed to get SOMAXCONN from sysctl and file \proc\sys\net\core\somaxconn. Default: 200
12:39:51.767 [Forwarding newSession on session null to remote] DEBUG io.netty.channel.DefaultChannelId - -Dio.netty.machineId: 00:50:56:ff:fe:ae:02:d2 (auto-detected)
12:39:51.837 [AsyncHttpClient-1-2] DEBUG io.netty.buffer.AbstractByteBuf - -Dio.netty.buffer.checkAccessible: true
12:39:51.837 [AsyncHttpClient-1-2] DEBUG io.netty.buffer.AbstractByteBuf - -Dio.netty.buffer.checkBounds: true
12:39:51.837 [AsyncHttpClient-1-2] DEBUG io.netty.util.ResourceLeakDetectorFactory - Loaded default ResourceLeakDetector: io.netty.util.ResourceLeakDetector@3c3ccd4c
12:39:51.869 [AsyncHttpClient-1-2] DEBUG io.netty.util.Recycler - -Dio.netty.recycler.maxCapacityPerThread: 4096
12:39:51.870 [AsyncHttpClient-1-2] DEBUG io.netty.util.Recycler - -Dio.netty.recycler.ratio: 8
12:39:51.870 [AsyncHttpClient-1-2] DEBUG io.netty.util.Recycler - -Dio.netty.recycler.chunkSize: 32
12:39:51.870 [AsyncHttpClient-1-2] DEBUG io.netty.util.Recycler - -Dio.netty.recycler.blocking: false
12:39:51.870 [AsyncHttpClient-1-2] DEBUG io.netty.util.Recycler - -Dio.netty.recycler.batchFastThreadLocalOnly: true
12:39:53.283 [AsyncHttpClient-1-2] DEBUG io.netty.handler.codec.compression.Brotli - brotli4j not in the classpath; Brotli support will be unavailable.
12:39:53.444 [main] DEBUG io.netty.util.internal.ThreadLocalRandom - -Dio.netty.initialSeedUniquifier: 0xe9400aad923e05f1
12:39:53.518 [main] INFO  StepDefinition.Steps - Browser launched
12:39:58.504 [main] INFO  StepDefinition.Steps - Application is launched
12:39:58.614 [main] INFO  StepDefinition.Steps - Clicked on MyAccount Menu
12:39:59.212 [main] INFO  StepDefinition.Steps - Clicked on login
12:39:59.518 [main] INFO  StepDefinition.Steps - Entered email and password
12:40:00.113 [main] INFO  StepDefinition.Steps - Clicked on login button
12:40:00.290 [main] INFO  StepDefinition.Steps - login successful
12:40:02.527 [main] INFO  StepDefinition.Steps - Browser launched
12:40:09.098 [main] INFO  StepDefinition.Steps - Application is launched
12:40:09.200 [main] INFO  StepDefinition.Steps - Clicked on MyAccount Menu
12:40:10.392 [main] INFO  StepDefinition.Steps - Clicked on login
12:40:10.786 [main] INFO  StepDefinition.Steps - Entered email and password
12:40:12.199 [main] INFO  StepDefinition.Steps - Clicked on login button
